<?xml version="1.0" encoding="UTF-8"?>
<testng-results skipped="0" failed="0" total="1" passed="1">
  <reporter-output>
    <line>
      <![CDATA[base template reading is done]]>
    </line>
    <line>
      <![CDATA[base template reading is done]]>
    </line>
    <line>
      <![CDATA[base template reading is done]]>
    </line>
    <line>
      <![CDATA[base template reading is done]]>
    </line>
    <line>
      <![CDATA[base template reading is done]]>
    </line>
    <line>
      <![CDATA[base template reading is done]]>
    </line>
    <line>
      <![CDATA[base template reading is done]]>
    </line>
    <line>
      <![CDATA[base template reading is done]]>
    </line>
    <line>
      <![CDATA[base template reading is done]]>
    </line>
    <line>
      <![CDATA[base template reading is done]]>
    </line>
    <line>
      <![CDATA[base template reading is done]]>
    </line>
    <line>
      <![CDATA[base template reading is done]]>
    </line>
  </reporter-output>
  <suite name="Default suite" duration-ms="1125" started-at="2018-05-24T17:24:29Z" finished-at="2018-05-24T17:24:30Z">
    <groups>
    </groups>
    <test name="Default test" duration-ms="1125" started-at="2018-05-24T17:24:29Z" finished-at="2018-05-24T17:24:30Z">
      <class name="com.seleniummaster.comparepdf.CompareMultiplePdfFiles">
        <test-method status="PASS" signature="CompareTextInTwoPdfs()[pri:0, instance:com.seleniummaster.comparepdf.CompareMultiplePdfFiles@4cc0edeb]" name="CompareTextInTwoPdfs" duration-ms="1101" started-at="2018-05-24T10:24:29Z" finished-at="2018-05-24T10:24:30Z">
          <reporter-output>
            <line>
              <![CDATA[base template reading is done]]>
            </line>
            <line>
              <![CDATA[base template reading is done]]>
            </line>
            <line>
              <![CDATA[base template reading is done]]>
            </line>
            <line>
              <![CDATA[base template reading is done]]>
            </line>
            <line>
              <![CDATA[base template reading is done]]>
            </line>
            <line>
              <![CDATA[base template reading is done]]>
            </line>
            <line>
              <![CDATA[base template reading is done]]>
            </line>
            <line>
              <![CDATA[base template reading is done]]>
            </line>
            <line>
              <![CDATA[base template reading is done]]>
            </line>
            <line>
              <![CDATA[base template reading is done]]>
            </line>
            <line>
              <![CDATA[base template reading is done]]>
            </line>
            <line>
              <![CDATA[base template reading is done]]>
            </line>
          </reporter-output>
        </test-method> <!-- CompareTextInTwoPdfs -->
      </class> <!-- com.seleniummaster.comparepdf.CompareMultiplePdfFiles -->
    </test> <!-- Default test -->
  </suite> <!-- Default suite -->
</testng-results>
